<?xml version="1.0" encoding="UTF-8"?>
<!-- Generated by org.testng.reporters.JUnitReportReporter -->
<testsuite skipped="0" hostname="DESKTOP-2EVVVF8" name="com.bridgelabz.test.LoginModuleTest" tests="2" failures="0" timestamp="2021-06-03T01:28:21 IST" time="25.616" errors="0">
  <testcase name="loginPagetest" time="7.848" classname="com.bridgelabz.test.LoginModuleTest"/>
  <system-out/>
  <testcase name="logoutPageTest" time="17.768" classname="com.bridgelabz.test.LoginModuleTest"/>
  <system-out/>
</testsuite> <!-- com.bridgelabz.test.LoginModuleTest -->
