<?xml version="1.0" encoding="UTF-8"?>
<!-- Generated by org.testng.reporters.JUnitReportReporter -->
<testsuite skipped="0" hostname="DESKTOP-2EVVVF8" name="com.bridgelabz.test.LoginModuleTest" tests="2" failures="0" timestamp="2021-06-02T02:08:28 IST" time="21.674" errors="0">
  <testcase name="loginPagetest" time="8.856" classname="com.bridgelabz.test.LoginModuleTest"/>
  <system-out/>
  <testcase name="logoutPageTest" time="12.818" classname="com.bridgelabz.test.LoginModuleTest"/>
  <system-out/>
</testsuite> <!-- com.bridgelabz.test.LoginModuleTest -->
